<?xml version="1.0" encoding="UTF-8"?>
<!-- Generated by org.testng.reporters.JUnitReportReporter -->
<testsuite skipped="0" hostname="LAPTOP-6EPK1H2O" name="org.ram.SampleTestngApi" tests="1" failures="0" timestamp="25 Jul 2023 11:48:52 GMT" time="4.382" errors="0">
  <testcase name="getRequest" time="4.382" classname="org.ram.SampleTestngApi"/>
</testsuite> <!-- org.ram.SampleTestngApi -->
